<?xml version="1.0" encoding="UTF-8"?>
<!-- Generated by org.testng.reporters.JUnitReportReporter -->
<testsuite skipped="0" hostname="Teena-PC" name="p1.DevopsTest" tests="1" failures="0" timestamp="21 Jan 2020 05:37:34 GMT" time="5.157" errors="0">
  <testcase name="openBrowser" time="5.157" classname="p1.DevopsTest"/>
</testsuite> <!-- p1.DevopsTest -->
